[debug] [2024-12-02T09:27:55.776Z] ----------------------------------------------------------------------
[debug] [2024-12-02T09:27:55.783Z] Command:       C:\Program Files\nodejs\node.exe C:\Users\288040\AppData\Roaming\npm\node_modules\firebase-tools\lib\bin\firebase.js init
[debug] [2024-12-02T09:27:55.783Z] CLI Version:   13.27.0
[debug] [2024-12-02T09:27:55.783Z] Platform:      win32
[debug] [2024-12-02T09:27:55.783Z] Node Version:  v22.4.0
[debug] [2024-12-02T09:27:55.784Z] Time:          Mon Dec 02 2024 14:57:55 GMT+0530 (India Standard Time)
[debug] [2024-12-02T09:27:55.784Z] ----------------------------------------------------------------------
[debug] 
[debug] [2024-12-02T09:27:55.799Z] > command requires scopes: ["email","openid","https://www.googleapis.com/auth/cloudplatformprojects.readonly","https://www.googleapis.com/auth/firebase","https://www.googleapis.com/auth/cloud-platform"]
[debug] [2024-12-02T09:27:55.800Z] > authorizing via signed-in user (nikhil36908@gmail.com)
[info] 
     ######## #### ########  ######## ########     ###     ######  ########
     ##        ##  ##     ## ##       ##     ##  ##   ##  ##       ##
     ######    ##  ########  ######   ########  #########  ######  ######
     ##        ##  ##    ##  ##       ##     ## ##     ##       ## ##
     ##       #### ##     ## ######## ########  ##     ##  ######  ########

You're about to initialize a Firebase project in this directory:

  C:\Users\288040\Desktop\Personal Projects\Who_Owes_Me

[info] 
=== Project Setup
[info] 
[info] First, let's associate this project directory with a Firebase project.
[info] You can create multiple project aliases by running firebase use --add, 
[info] but for now we'll just set up a default project.
[info] 
[info] i  If you want to create a project in a Google Cloud organization or folder, please use "firebase projects:create" instead, and return to this command when you've created the project. 
[debug] [2024-12-02T09:28:29.487Z] Checked if tokens are valid: true, expires at: 1733135073035
[debug] [2024-12-02T09:28:29.487Z] Checked if tokens are valid: true, expires at: 1733135073035
[debug] [2024-12-02T09:28:29.489Z] >>> [apiv2][query] POST https://cloudresourcemanager.googleapis.com/v1/projects [none]
[debug] [2024-12-02T09:28:29.489Z] >>> [apiv2][body] POST https://cloudresourcemanager.googleapis.com/v1/projects {"projectId":"12","name":"Nikhil"}
[debug] [2024-12-02T09:28:31.279Z] <<< [apiv2][status] POST https://cloudresourcemanager.googleapis.com/v1/projects 400
[debug] [2024-12-02T09:28:31.279Z] <<< [apiv2][body] POST https://cloudresourcemanager.googleapis.com/v1/projects {"error":{"code":400,"message":"Request contains an invalid argument.","status":"INVALID_ARGUMENT","details":[{"@type":"type.googleapis.com/google.rpc.BadRequest","fieldViolations":[{"field":"project_id","description":"project_id must be at least 6 characters long"},{"field":"project_id","description":"project_id contains invalid characters"}]},{"@type":"type.googleapis.com/google.rpc.Help","links":[{"url":"https://cloud.google.com/resource-manager/reference/rest/v1/projects"}]}]}}
[debug] [2024-12-02T09:28:31.439Z] FirebaseError: Request to https://cloudresourcemanager.googleapis.com/v1/projects had HTTP Error: 400, Request contains an invalid argument.
    at responseToError (C:\Users\288040\AppData\Roaming\npm\node_modules\firebase-tools\lib\responseToError.js:52:12)
    at RetryOperation._fn (C:\Users\288040\AppData\Roaming\npm\node_modules\firebase-tools\lib\apiv2.js:312:77)
    at process.processTicksAndRejections (node:internal/process/task_queues:95:5)
[error] 
[error] Error: Failed to create project. See firebase-debug.log for more info.
